INFO,Entered text is This is my first function2022-07-04 07:46:25,504
INFO,Entered text is This is my first function2022-07-04 07:48:58,693
INFO,Entered text is 55645615612022-07-04 07:49:17,294
ERROR,'int' object is not subscriptable2022-07-04 07:49:17,294
INFO,Entered text is kzdfkbjd45415152022-07-04 07:50:22,566
INFO,Entered text is kzdfkbjd45415152022-07-04 07:51:17,342
INFO,Entered text is kzdfkbjd45415152022-07-04 07:52:55,202
INFO,Entered text is kzdfkbjd45415152022-07-04 07:53:15,879
INFO,Entered text is kzdfkbjd45415152022-07-04 07:54:08,986
INFO,Entered text is This is my First function2022-07-04 07:57:10,728
INFO,Entered text is This is my First function2022-07-04 07:58:50,629
INFO,Entered text is This is my First function2022-07-04 08:00:58,714
INFO,Entered text is This is my First function2022-07-04 08:01:52,810
INFO,Entered text is This is my First function2022-07-04 08:02:36,223
INFO,Entered text is This is my First function2022-07-04 08:02:53,852
INFO,Entered text is This is my First function2022-07-04 08:05:55,768
INFO,Entered text is This is my First funct654645ion2022-07-04 08:06:05,035
INFO,Entered text is ThisismyFirstfunction2022-07-04 08:06:39,834
INFO,Entered text is     ThisismyFirstfunction2022-07-04 08:10:21,272
INFO,Entered text is ThisismyFirstfunction2022-07-04 08:14:35,051
INFO,Entered text is ThisismyFirstfunction2022-07-04 08:17:38,828
ERROR,replace() argument 1 must be str, not int2022-07-04 08:17:57,995
INFO,Entered text is ThisismyFirstfunction2022-07-04 08:18:17,397
ERROR,replace() argument 1 must be str, not int2022-07-04 08:18:23,778
INFO,Entered text is ThisismyFirstfunction2022-07-04 08:18:44,534
ERROR,The fill character must be exactly one character long2022-07-04 08:18:52,067
INFO,Entered text is ThisismyFirstfunction2022-07-04 08:19:09,058
INFO,Entered text is ThisismyFirstfunction2022-07-04 08:19:25,887
